<?xml version="1.0" encoding="UTF-8"?>
<!-- Generated by org.testng.reporters.JUnitReportReporter -->
<testsuite hostname="DESKTOP-0HPMM13" failures="0" tests="1" name="TestRunner" time="10.597" errors="0" timestamp="2024-03-15T23:57:32 IST" skipped="0">
  <testcase classname="TestRunner" name="runScenario" time="10.597"/>
</testsuite> <!-- TestRunner -->
